<?xml version="1.0" encoding="UTF-8"?>
<testsuite xmlns:xsi="http://www.w3.org/2001/XMLSchema-instance" xsi:noNamespaceSchemaLocation="https://maven.apache.org/surefire/maven-surefire-plugin/xsd/surefire-test-report-3.0.xsd" version="3.0" name="com.xiaowang.WarehouseManagerApplicationTests" time="6.999" tests="1" errors="0" skipped="0" failures="0">
  <properties>
    <property name="java.specification.version" value="17"/>
    <property name="sun.cpu.isalist" value="amd64"/>
    <property name="sun.jnu.encoding" value="GBK"/>
    <property name="java.class.path" value="D:\course-2\frontspace\前端项目\workspace\warehouse_manager\target\test-classes;D:\course-2\frontspace\前端项目\workspace\warehouse_manager\target\classes;D:\apache-maveb\maven-repository\org\springframework\boot\spring-boot-starter-web\2.6.13\spring-boot-starter-web-2.6.13.jar;D:\apache-maveb\maven-repository\org\springframework\boot\spring-boot-starter\2.6.13\spring-boot-starter-2.6.13.jar;D:\apache-maveb\maven-repository\org\springframework\boot\spring-boot\2.6.13\spring-boot-2.6.13.jar;D:\apache-maveb\maven-repository\org\springframework\boot\spring-boot-autoconfigure\2.6.13\spring-boot-autoconfigure-2.6.13.jar;D:\apache-maveb\maven-repository\org\springframework\boot\spring-boot-starter-logging\2.6.13\spring-boot-starter-logging-2.6.13.jar;D:\apache-maveb\maven-repository\ch\qos\logback\logback-classic\1.2.11\logback-classic-1.2.11.jar;D:\apache-maveb\maven-repository\ch\qos\logback\logback-core\1.2.11\logback-core-1.2.11.jar;D:\apache-maveb\maven-repository\org\apache\logging\log4j\log4j-to-slf4j\2.17.2\log4j-to-slf4j-2.17.2.jar;D:\apache-maveb\maven-repository\org\apache\logging\log4j\log4j-api\2.17.2\log4j-api-2.17.2.jar;D:\apache-maveb\maven-repository\org\slf4j\jul-to-slf4j\1.7.36\jul-to-slf4j-1.7.36.jar;D:\apache-maveb\maven-repository\jakarta\annotation\jakarta.annotation-api\1.3.5\jakarta.annotation-api-1.3.5.jar;D:\apache-maveb\maven-repository\org\yaml\snakeyaml\1.29\snakeyaml-1.29.jar;D:\apache-maveb\maven-repository\org\springframework\boot\spring-boot-starter-json\2.6.13\spring-boot-starter-json-2.6.13.jar;D:\apache-maveb\maven-repository\com\fasterxml\jackson\datatype\jackson-datatype-jdk8\2.13.4\jackson-datatype-jdk8-2.13.4.jar;D:\apache-maveb\maven-repository\com\fasterxml\jackson\datatype\jackson-datatype-jsr310\2.13.4\jackson-datatype-jsr310-2.13.4.jar;D:\apache-maveb\maven-repository\com\fasterxml\jackson\module\jackson-module-parameter-names\2.13.4\jackson-module-parameter-names-2.13.4.jar;D:\apache-maveb\maven-repository\org\springframework\boot\spring-boot-starter-tomcat\2.6.13\spring-boot-starter-tomcat-2.6.13.jar;D:\apache-maveb\maven-repository\org\apache\tomcat\embed\tomcat-embed-core\9.0.68\tomcat-embed-core-9.0.68.jar;D:\apache-maveb\maven-repository\org\apache\tomcat\embed\tomcat-embed-el\9.0.68\tomcat-embed-el-9.0.68.jar;D:\apache-maveb\maven-repository\org\apache\tomcat\embed\tomcat-embed-websocket\9.0.68\tomcat-embed-websocket-9.0.68.jar;D:\apache-maveb\maven-repository\org\springframework\spring-web\5.3.23\spring-web-5.3.23.jar;D:\apache-maveb\maven-repository\org\springframework\spring-beans\5.3.23\spring-beans-5.3.23.jar;D:\apache-maveb\maven-repository\org\springframework\spring-webmvc\5.3.23\spring-webmvc-5.3.23.jar;D:\apache-maveb\maven-repository\org\springframework\spring-aop\5.3.23\spring-aop-5.3.23.jar;D:\apache-maveb\maven-repository\org\springframework\spring-context\5.3.23\spring-context-5.3.23.jar;D:\apache-maveb\maven-repository\org\springframework\spring-expression\5.3.23\spring-expression-5.3.23.jar;D:\apache-maveb\maven-repository\org\mybatis\spring\boot\mybatis-spring-boot-starter\2.1.4\mybatis-spring-boot-starter-2.1.4.jar;D:\apache-maveb\maven-repository\org\springframework\boot\spring-boot-starter-jdbc\2.6.13\spring-boot-starter-jdbc-2.6.13.jar;D:\apache-maveb\maven-repository\com\zaxxer\HikariCP\4.0.3\HikariCP-4.0.3.jar;D:\apache-maveb\maven-repository\org\springframework\spring-jdbc\5.3.23\spring-jdbc-5.3.23.jar;D:\apache-maveb\maven-repository\org\springframework\spring-tx\5.3.23\spring-tx-5.3.23.jar;D:\apache-maveb\maven-repository\org\mybatis\spring\boot\mybatis-spring-boot-autoconfigure\2.1.4\mybatis-spring-boot-autoconfigure-2.1.4.jar;D:\apache-maveb\maven-repository\org\mybatis\mybatis\3.5.6\mybatis-3.5.6.jar;D:\apache-maveb\maven-repository\org\mybatis\mybatis-spring\2.0.6\mybatis-spring-2.0.6.jar;D:\apache-maveb\maven-repository\mysql\mysql-connector-java\8.0.25\mysql-connector-java-8.0.25.jar;D:\apache-maveb\maven-repository\org\springframework\boot\spring-boot-starter-data-redis-reactive\2.6.13\spring-boot-starter-data-redis-reactive-2.6.13.jar;D:\apache-maveb\maven-repository\org\springframework\boot\spring-boot-starter-data-redis\2.6.13\spring-boot-starter-data-redis-2.6.13.jar;D:\apache-maveb\maven-repository\org\springframework\data\spring-data-redis\2.6.9\spring-data-redis-2.6.9.jar;D:\apache-maveb\maven-repository\org\springframework\data\spring-data-keyvalue\2.6.9\spring-data-keyvalue-2.6.9.jar;D:\apache-maveb\maven-repository\org\springframework\data\spring-data-commons\2.6.9\spring-data-commons-2.6.9.jar;D:\apache-maveb\maven-repository\org\springframework\spring-oxm\5.3.23\spring-oxm-5.3.23.jar;D:\apache-maveb\maven-repository\org\springframework\spring-context-support\5.3.23\spring-context-support-5.3.23.jar;D:\apache-maveb\maven-repository\io\lettuce\lettuce-core\6.1.10.RELEASE\lettuce-core-6.1.10.RELEASE.jar;D:\apache-maveb\maven-repository\io\netty\netty-common\4.1.84.Final\netty-common-4.1.84.Final.jar;D:\apache-maveb\maven-repository\io\netty\netty-handler\4.1.84.Final\netty-handler-4.1.84.Final.jar;D:\apache-maveb\maven-repository\io\netty\netty-resolver\4.1.84.Final\netty-resolver-4.1.84.Final.jar;D:\apache-maveb\maven-repository\io\netty\netty-buffer\4.1.84.Final\netty-buffer-4.1.84.Final.jar;D:\apache-maveb\maven-repository\io\netty\netty-transport-native-unix-common\4.1.84.Final\netty-transport-native-unix-common-4.1.84.Final.jar;D:\apache-maveb\maven-repository\io\netty\netty-codec\4.1.84.Final\netty-codec-4.1.84.Final.jar;D:\apache-maveb\maven-repository\io\netty\netty-transport\4.1.84.Final\netty-transport-4.1.84.Final.jar;D:\apache-maveb\maven-repository\io\projectreactor\reactor-core\3.4.24\reactor-core-3.4.24.jar;D:\apache-maveb\maven-repository\org\reactivestreams\reactive-streams\1.0.4\reactive-streams-1.0.4.jar;D:\apache-maveb\maven-repository\org\projectlombok\lombok\1.18.24\lombok-1.18.24.jar;D:\apache-maveb\maven-repository\com\alibaba\fastjson\1.2.79\fastjson-1.2.79.jar;D:\apache-maveb\maven-repository\javax\validation\validation-api\2.0.1.Final\validation-api-2.0.1.Final.jar;D:\apache-maveb\maven-repository\org\hibernate\validator\hibernate-validator\6.2.0.Final\hibernate-validator-6.2.0.Final.jar;D:\apache-maveb\maven-repository\jakarta\validation\jakarta.validation-api\2.0.2\jakarta.validation-api-2.0.2.jar;D:\apache-maveb\maven-repository\org\jboss\logging\jboss-logging\3.4.3.Final\jboss-logging-3.4.3.Final.jar;D:\apache-maveb\maven-repository\com\fasterxml\classmate\1.5.1\classmate-1.5.1.jar;D:\apache-maveb\maven-repository\com\github\penggle\kaptcha\2.3.2\kaptcha-2.3.2.jar;D:\apache-maveb\maven-repository\javax\servlet\javax.servlet-api\4.0.1\javax.servlet-api-4.0.1.jar;D:\apache-maveb\maven-repository\com\jhlabs\filters\2.0.235-1\filters-2.0.235-1.jar;D:\apache-maveb\maven-repository\com\belerweb\pinyin4j\2.5.1\pinyin4j-2.5.1.jar;D:\apache-maveb\maven-repository\com\auth0\java-jwt\3.18.3\java-jwt-3.18.3.jar;D:\apache-maveb\maven-repository\com\fasterxml\jackson\core\jackson-databind\2.13.4.2\jackson-databind-2.13.4.2.jar;D:\apache-maveb\maven-repository\com\fasterxml\jackson\core\jackson-annotations\2.13.4\jackson-annotations-2.13.4.jar;D:\apache-maveb\maven-repository\com\fasterxml\jackson\core\jackson-core\2.13.4\jackson-core-2.13.4.jar;D:\apache-maveb\maven-repository\org\springframework\boot\spring-boot-starter-test\2.6.13\spring-boot-starter-test-2.6.13.jar;D:\apache-maveb\maven-repository\org\springframework\boot\spring-boot-test\2.6.13\spring-boot-test-2.6.13.jar;D:\apache-maveb\maven-repository\org\springframework\boot\spring-boot-test-autoconfigure\2.6.13\spring-boot-test-autoconfigure-2.6.13.jar;D:\apache-maveb\maven-repository\com\jayway\jsonpath\json-path\2.6.0\json-path-2.6.0.jar;D:\apache-maveb\maven-repository\net\minidev\json-smart\2.4.8\json-smart-2.4.8.jar;D:\apache-maveb\maven-repository\net\minidev\accessors-smart\2.4.8\accessors-smart-2.4.8.jar;D:\apache-maveb\maven-repository\org\ow2\asm\asm\9.1\asm-9.1.jar;D:\apache-maveb\maven-repository\org\slf4j\slf4j-api\1.7.36\slf4j-api-1.7.36.jar;D:\apache-maveb\maven-repository\jakarta\xml\bind\jakarta.xml.bind-api\2.3.3\jakarta.xml.bind-api-2.3.3.jar;D:\apache-maveb\maven-repository\jakarta\activation\jakarta.activation-api\1.2.2\jakarta.activation-api-1.2.2.jar;D:\apache-maveb\maven-repository\org\assertj\assertj-core\3.21.0\assertj-core-3.21.0.jar;D:\apache-maveb\maven-repository\org\hamcrest\hamcrest\2.2\hamcrest-2.2.jar;D:\apache-maveb\maven-repository\org\junit\jupiter\junit-jupiter\5.8.2\junit-jupiter-5.8.2.jar;D:\apache-maveb\maven-repository\org\junit\jupiter\junit-jupiter-api\5.8.2\junit-jupiter-api-5.8.2.jar;D:\apache-maveb\maven-repository\org\opentest4j\opentest4j\1.2.0\opentest4j-1.2.0.jar;D:\apache-maveb\maven-repository\org\junit\platform\junit-platform-commons\1.8.2\junit-platform-commons-1.8.2.jar;D:\apache-maveb\maven-repository\org\apiguardian\apiguardian-api\1.1.2\apiguardian-api-1.1.2.jar;D:\apache-maveb\maven-repository\org\junit\jupiter\junit-jupiter-params\5.8.2\junit-jupiter-params-5.8.2.jar;D:\apache-maveb\maven-repository\org\junit\jupiter\junit-jupiter-engine\5.8.2\junit-jupiter-engine-5.8.2.jar;D:\apache-maveb\maven-repository\org\junit\platform\junit-platform-engine\1.8.2\junit-platform-engine-1.8.2.jar;D:\apache-maveb\maven-repository\org\mockito\mockito-core\4.0.0\mockito-core-4.0.0.jar;D:\apache-maveb\maven-repository\net\bytebuddy\byte-buddy\1.11.22\byte-buddy-1.11.22.jar;D:\apache-maveb\maven-repository\net\bytebuddy\byte-buddy-agent\1.11.22\byte-buddy-agent-1.11.22.jar;D:\apache-maveb\maven-repository\org\objenesis\objenesis\3.2\objenesis-3.2.jar;D:\apache-maveb\maven-repository\org\mockito\mockito-junit-jupiter\4.0.0\mockito-junit-jupiter-4.0.0.jar;D:\apache-maveb\maven-repository\org\skyscreamer\jsonassert\1.5.1\jsonassert-1.5.1.jar;D:\apache-maveb\maven-repository\com\vaadin\external\google\android-json\0.0.20131108.vaadin1\android-json-0.0.20131108.vaadin1.jar;D:\apache-maveb\maven-repository\org\springframework\spring-core\5.3.23\spring-core-5.3.23.jar;D:\apache-maveb\maven-repository\org\springframework\spring-jcl\5.3.23\spring-jcl-5.3.23.jar;D:\apache-maveb\maven-repository\org\springframework\spring-test\5.3.23\spring-test-5.3.23.jar;D:\apache-maveb\maven-repository\org\xmlunit\xmlunit-core\2.8.4\xmlunit-core-2.8.4.jar;"/>
    <property name="java.vm.vendor" value="Oracle Corporation"/>
    <property name="sun.arch.data.model" value="64"/>
    <property name="user.variant" value=""/>
    <property name="java.vendor.url" value="https://java.oracle.com/"/>
    <property name="user.timezone" value="Asia/Shanghai"/>
    <property name="os.name" value="Windows 11"/>
    <property name="java.vm.specification.version" value="17"/>
    <property name="sun.java.launcher" value="SUN_STANDARD"/>
    <property name="user.country" value="CN"/>
    <property name="sun.boot.library.path" value="C:\Program Files\Java\jdk-17.0.5\bin"/>
    <property name="sun.java.command" value="C:\Users\a1566\AppData\Local\Temp\surefire7048843810722302422\surefirebooter-20240227115914098_3.jar C:\Users\a1566\AppData\Local\Temp\surefire7048843810722302422 2024-02-27T11-59-13_743-jvmRun1 surefire-20240227115914098_1tmp surefire_0-20240227115914098_2tmp"/>
    <property name="jdk.debug" value="release"/>
    <property name="surefire.test.class.path" value="D:\course-2\frontspace\前端项目\workspace\warehouse_manager\target\test-classes;D:\course-2\frontspace\前端项目\workspace\warehouse_manager\target\classes;D:\apache-maveb\maven-repository\org\springframework\boot\spring-boot-starter-web\2.6.13\spring-boot-starter-web-2.6.13.jar;D:\apache-maveb\maven-repository\org\springframework\boot\spring-boot-starter\2.6.13\spring-boot-starter-2.6.13.jar;D:\apache-maveb\maven-repository\org\springframework\boot\spring-boot\2.6.13\spring-boot-2.6.13.jar;D:\apache-maveb\maven-repository\org\springframework\boot\spring-boot-autoconfigure\2.6.13\spring-boot-autoconfigure-2.6.13.jar;D:\apache-maveb\maven-repository\org\springframework\boot\spring-boot-starter-logging\2.6.13\spring-boot-starter-logging-2.6.13.jar;D:\apache-maveb\maven-repository\ch\qos\logback\logback-classic\1.2.11\logback-classic-1.2.11.jar;D:\apache-maveb\maven-repository\ch\qos\logback\logback-core\1.2.11\logback-core-1.2.11.jar;D:\apache-maveb\maven-repository\org\apache\logging\log4j\log4j-to-slf4j\2.17.2\log4j-to-slf4j-2.17.2.jar;D:\apache-maveb\maven-repository\org\apache\logging\log4j\log4j-api\2.17.2\log4j-api-2.17.2.jar;D:\apache-maveb\maven-repository\org\slf4j\jul-to-slf4j\1.7.36\jul-to-slf4j-1.7.36.jar;D:\apache-maveb\maven-repository\jakarta\annotation\jakarta.annotation-api\1.3.5\jakarta.annotation-api-1.3.5.jar;D:\apache-maveb\maven-repository\org\yaml\snakeyaml\1.29\snakeyaml-1.29.jar;D:\apache-maveb\maven-repository\org\springframework\boot\spring-boot-starter-json\2.6.13\spring-boot-starter-json-2.6.13.jar;D:\apache-maveb\maven-repository\com\fasterxml\jackson\datatype\jackson-datatype-jdk8\2.13.4\jackson-datatype-jdk8-2.13.4.jar;D:\apache-maveb\maven-repository\com\fasterxml\jackson\datatype\jackson-datatype-jsr310\2.13.4\jackson-datatype-jsr310-2.13.4.jar;D:\apache-maveb\maven-repository\com\fasterxml\jackson\module\jackson-module-parameter-names\2.13.4\jackson-module-parameter-names-2.13.4.jar;D:\apache-maveb\maven-repository\org\springframework\boot\spring-boot-starter-tomcat\2.6.13\spring-boot-starter-tomcat-2.6.13.jar;D:\apache-maveb\maven-repository\org\apache\tomcat\embed\tomcat-embed-core\9.0.68\tomcat-embed-core-9.0.68.jar;D:\apache-maveb\maven-repository\org\apache\tomcat\embed\tomcat-embed-el\9.0.68\tomcat-embed-el-9.0.68.jar;D:\apache-maveb\maven-repository\org\apache\tomcat\embed\tomcat-embed-websocket\9.0.68\tomcat-embed-websocket-9.0.68.jar;D:\apache-maveb\maven-repository\org\springframework\spring-web\5.3.23\spring-web-5.3.23.jar;D:\apache-maveb\maven-repository\org\springframework\spring-beans\5.3.23\spring-beans-5.3.23.jar;D:\apache-maveb\maven-repository\org\springframework\spring-webmvc\5.3.23\spring-webmvc-5.3.23.jar;D:\apache-maveb\maven-repository\org\springframework\spring-aop\5.3.23\spring-aop-5.3.23.jar;D:\apache-maveb\maven-repository\org\springframework\spring-context\5.3.23\spring-context-5.3.23.jar;D:\apache-maveb\maven-repository\org\springframework\spring-expression\5.3.23\spring-expression-5.3.23.jar;D:\apache-maveb\maven-repository\org\mybatis\spring\boot\mybatis-spring-boot-starter\2.1.4\mybatis-spring-boot-starter-2.1.4.jar;D:\apache-maveb\maven-repository\org\springframework\boot\spring-boot-starter-jdbc\2.6.13\spring-boot-starter-jdbc-2.6.13.jar;D:\apache-maveb\maven-repository\com\zaxxer\HikariCP\4.0.3\HikariCP-4.0.3.jar;D:\apache-maveb\maven-repository\org\springframework\spring-jdbc\5.3.23\spring-jdbc-5.3.23.jar;D:\apache-maveb\maven-repository\org\springframework\spring-tx\5.3.23\spring-tx-5.3.23.jar;D:\apache-maveb\maven-repository\org\mybatis\spring\boot\mybatis-spring-boot-autoconfigure\2.1.4\mybatis-spring-boot-autoconfigure-2.1.4.jar;D:\apache-maveb\maven-repository\org\mybatis\mybatis\3.5.6\mybatis-3.5.6.jar;D:\apache-maveb\maven-repository\org\mybatis\mybatis-spring\2.0.6\mybatis-spring-2.0.6.jar;D:\apache-maveb\maven-repository\mysql\mysql-connector-java\8.0.25\mysql-connector-java-8.0.25.jar;D:\apache-maveb\maven-repository\org\springframework\boot\spring-boot-starter-data-redis-reactive\2.6.13\spring-boot-starter-data-redis-reactive-2.6.13.jar;D:\apache-maveb\maven-repository\org\springframework\boot\spring-boot-starter-data-redis\2.6.13\spring-boot-starter-data-redis-2.6.13.jar;D:\apache-maveb\maven-repository\org\springframework\data\spring-data-redis\2.6.9\spring-data-redis-2.6.9.jar;D:\apache-maveb\maven-repository\org\springframework\data\spring-data-keyvalue\2.6.9\spring-data-keyvalue-2.6.9.jar;D:\apache-maveb\maven-repository\org\springframework\data\spring-data-commons\2.6.9\spring-data-commons-2.6.9.jar;D:\apache-maveb\maven-repository\org\springframework\spring-oxm\5.3.23\spring-oxm-5.3.23.jar;D:\apache-maveb\maven-repository\org\springframework\spring-context-support\5.3.23\spring-context-support-5.3.23.jar;D:\apache-maveb\maven-repository\io\lettuce\lettuce-core\6.1.10.RELEASE\lettuce-core-6.1.10.RELEASE.jar;D:\apache-maveb\maven-repository\io\netty\netty-common\4.1.84.Final\netty-common-4.1.84.Final.jar;D:\apache-maveb\maven-repository\io\netty\netty-handler\4.1.84.Final\netty-handler-4.1.84.Final.jar;D:\apache-maveb\maven-repository\io\netty\netty-resolver\4.1.84.Final\netty-resolver-4.1.84.Final.jar;D:\apache-maveb\maven-repository\io\netty\netty-buffer\4.1.84.Final\netty-buffer-4.1.84.Final.jar;D:\apache-maveb\maven-repository\io\netty\netty-transport-native-unix-common\4.1.84.Final\netty-transport-native-unix-common-4.1.84.Final.jar;D:\apache-maveb\maven-repository\io\netty\netty-codec\4.1.84.Final\netty-codec-4.1.84.Final.jar;D:\apache-maveb\maven-repository\io\netty\netty-transport\4.1.84.Final\netty-transport-4.1.84.Final.jar;D:\apache-maveb\maven-repository\io\projectreactor\reactor-core\3.4.24\reactor-core-3.4.24.jar;D:\apache-maveb\maven-repository\org\reactivestreams\reactive-streams\1.0.4\reactive-streams-1.0.4.jar;D:\apache-maveb\maven-repository\org\projectlombok\lombok\1.18.24\lombok-1.18.24.jar;D:\apache-maveb\maven-repository\com\alibaba\fastjson\1.2.79\fastjson-1.2.79.jar;D:\apache-maveb\maven-repository\javax\validation\validation-api\2.0.1.Final\validation-api-2.0.1.Final.jar;D:\apache-maveb\maven-repository\org\hibernate\validator\hibernate-validator\6.2.0.Final\hibernate-validator-6.2.0.Final.jar;D:\apache-maveb\maven-repository\jakarta\validation\jakarta.validation-api\2.0.2\jakarta.validation-api-2.0.2.jar;D:\apache-maveb\maven-repository\org\jboss\logging\jboss-logging\3.4.3.Final\jboss-logging-3.4.3.Final.jar;D:\apache-maveb\maven-repository\com\fasterxml\classmate\1.5.1\classmate-1.5.1.jar;D:\apache-maveb\maven-repository\com\github\penggle\kaptcha\2.3.2\kaptcha-2.3.2.jar;D:\apache-maveb\maven-repository\javax\servlet\javax.servlet-api\4.0.1\javax.servlet-api-4.0.1.jar;D:\apache-maveb\maven-repository\com\jhlabs\filters\2.0.235-1\filters-2.0.235-1.jar;D:\apache-maveb\maven-repository\com\belerweb\pinyin4j\2.5.1\pinyin4j-2.5.1.jar;D:\apache-maveb\maven-repository\com\auth0\java-jwt\3.18.3\java-jwt-3.18.3.jar;D:\apache-maveb\maven-repository\com\fasterxml\jackson\core\jackson-databind\2.13.4.2\jackson-databind-2.13.4.2.jar;D:\apache-maveb\maven-repository\com\fasterxml\jackson\core\jackson-annotations\2.13.4\jackson-annotations-2.13.4.jar;D:\apache-maveb\maven-repository\com\fasterxml\jackson\core\jackson-core\2.13.4\jackson-core-2.13.4.jar;D:\apache-maveb\maven-repository\org\springframework\boot\spring-boot-starter-test\2.6.13\spring-boot-starter-test-2.6.13.jar;D:\apache-maveb\maven-repository\org\springframework\boot\spring-boot-test\2.6.13\spring-boot-test-2.6.13.jar;D:\apache-maveb\maven-repository\org\springframework\boot\spring-boot-test-autoconfigure\2.6.13\spring-boot-test-autoconfigure-2.6.13.jar;D:\apache-maveb\maven-repository\com\jayway\jsonpath\json-path\2.6.0\json-path-2.6.0.jar;D:\apache-maveb\maven-repository\net\minidev\json-smart\2.4.8\json-smart-2.4.8.jar;D:\apache-maveb\maven-repository\net\minidev\accessors-smart\2.4.8\accessors-smart-2.4.8.jar;D:\apache-maveb\maven-repository\org\ow2\asm\asm\9.1\asm-9.1.jar;D:\apache-maveb\maven-repository\org\slf4j\slf4j-api\1.7.36\slf4j-api-1.7.36.jar;D:\apache-maveb\maven-repository\jakarta\xml\bind\jakarta.xml.bind-api\2.3.3\jakarta.xml.bind-api-2.3.3.jar;D:\apache-maveb\maven-repository\jakarta\activation\jakarta.activation-api\1.2.2\jakarta.activation-api-1.2.2.jar;D:\apache-maveb\maven-repository\org\assertj\assertj-core\3.21.0\assertj-core-3.21.0.jar;D:\apache-maveb\maven-repository\org\hamcrest\hamcrest\2.2\hamcrest-2.2.jar;D:\apache-maveb\maven-repository\org\junit\jupiter\junit-jupiter\5.8.2\junit-jupiter-5.8.2.jar;D:\apache-maveb\maven-repository\org\junit\jupiter\junit-jupiter-api\5.8.2\junit-jupiter-api-5.8.2.jar;D:\apache-maveb\maven-repository\org\opentest4j\opentest4j\1.2.0\opentest4j-1.2.0.jar;D:\apache-maveb\maven-repository\org\junit\platform\junit-platform-commons\1.8.2\junit-platform-commons-1.8.2.jar;D:\apache-maveb\maven-repository\org\apiguardian\apiguardian-api\1.1.2\apiguardian-api-1.1.2.jar;D:\apache-maveb\maven-repository\org\junit\jupiter\junit-jupiter-params\5.8.2\junit-jupiter-params-5.8.2.jar;D:\apache-maveb\maven-repository\org\junit\jupiter\junit-jupiter-engine\5.8.2\junit-jupiter-engine-5.8.2.jar;D:\apache-maveb\maven-repository\org\junit\platform\junit-platform-engine\1.8.2\junit-platform-engine-1.8.2.jar;D:\apache-maveb\maven-repository\org\mockito\mockito-core\4.0.0\mockito-core-4.0.0.jar;D:\apache-maveb\maven-repository\net\bytebuddy\byte-buddy\1.11.22\byte-buddy-1.11.22.jar;D:\apache-maveb\maven-repository\net\bytebuddy\byte-buddy-agent\1.11.22\byte-buddy-agent-1.11.22.jar;D:\apache-maveb\maven-repository\org\objenesis\objenesis\3.2\objenesis-3.2.jar;D:\apache-maveb\maven-repository\org\mockito\mockito-junit-jupiter\4.0.0\mockito-junit-jupiter-4.0.0.jar;D:\apache-maveb\maven-repository\org\skyscreamer\jsonassert\1.5.1\jsonassert-1.5.1.jar;D:\apache-maveb\maven-repository\com\vaadin\external\google\android-json\0.0.20131108.vaadin1\android-json-0.0.20131108.vaadin1.jar;D:\apache-maveb\maven-repository\org\springframework\spring-core\5.3.23\spring-core-5.3.23.jar;D:\apache-maveb\maven-repository\org\springframework\spring-jcl\5.3.23\spring-jcl-5.3.23.jar;D:\apache-maveb\maven-repository\org\springframework\spring-test\5.3.23\spring-test-5.3.23.jar;D:\apache-maveb\maven-repository\org\xmlunit\xmlunit-core\2.8.4\xmlunit-core-2.8.4.jar;"/>
    <property name="sun.cpu.endian" value="little"/>
    <property name="user.home" value="C:\Users\a1566"/>
    <property name="user.language" value="zh"/>
    <property name="java.specification.vendor" value="Oracle Corporation"/>
    <property name="java.version.date" value="2022-10-18"/>
    <property name="java.home" value="C:\Program Files\Java\jdk-17.0.5"/>
    <property name="file.separator" value="\"/>
    <property name="basedir" value="D:\course-2\frontspace\前端项目\workspace\warehouse_manager"/>
    <property name="java.vm.compressedOopsMode" value="32-bit"/>
    <property name="line.separator" value="&#10;"/>
    <property name="java.vm.specification.vendor" value="Oracle Corporation"/>
    <property name="java.specification.name" value="Java Platform API Specification"/>
    <property name="FILE_LOG_CHARSET" value="GBK"/>
    <property name="java.awt.headless" value="true"/>
    <property name="surefire.real.class.path" value="C:\Users\a1566\AppData\Local\Temp\surefire7048843810722302422\surefirebooter-20240227115914098_3.jar"/>
    <property name="user.script" value=""/>
    <property name="sun.management.compiler" value="HotSpot 64-Bit Tiered Compilers"/>
    <property name="java.runtime.version" value="17.0.5+9-LTS-191"/>
    <property name="user.name" value="a1566"/>
    <property name="path.separator" value=";"/>
    <property name="os.version" value="10.0"/>
    <property name="java.runtime.name" value="Java(TM) SE Runtime Environment"/>
    <property name="file.encoding" value="GBK"/>
    <property name="spring.beaninfo.ignore" value="true"/>
    <property name="java.vm.name" value="Java HotSpot(TM) 64-Bit Server VM"/>
    <property name="localRepository" value="D:\apache-maveb\maven-repository"/>
    <property name="java.vendor.url.bug" value="https://bugreport.java.com/bugreport/"/>
    <property name="java.io.tmpdir" value="C:\Users\a1566\AppData\Local\Temp\"/>
    <property name="idea.version" value="2022.1"/>
    <property name="java.version" value="17.0.5"/>
    <property name="user.dir" value="D:\course-2\frontspace\前端项目\workspace\warehouse_manager"/>
    <property name="os.arch" value="amd64"/>
    <property name="java.vm.specification.name" value="Java Virtual Machine Specification"/>
    <property name="PID" value="14276"/>
    <property name="sun.os.patch.level" value=""/>
    <property name="CONSOLE_LOG_CHARSET" value="GBK"/>
    <property name="native.encoding" value="GBK"/>
    <property name="java.library.path" value="C:\Program Files\Java\jdk-17.0.5\bin;C:\WINDOWS\Sun\Java\bin;C:\WINDOWS\system32;C:\WINDOWS;C:\Program Files\Microsoft MPI\Bin\;C:\Program Files (x86)\Razer Chroma SDK\bin;C:\Program Files\Razer Chroma SDK\bin;C:\Program Files (x86)\Razer\ChromaBroadcast\bin;C:\Program Files\Razer\ChromaBroadcast\bin;C:\Program Files\Common Files\Oracle\Java\javapath;C:\Program Files (x86)\Common Files\Oracle\Java\javapath;C:\WINDOWS\system32;C:\WINDOWS;C:\WINDOWS\System32\Wbem;C:\WINDOWS\System32\WindowsPowerShell\v1.0\;C:\WINDOWS\System32\OpenSSH\;&quot;C:\Program Files\Java\jdk-17.0.5\bin;C:\Program Files\Java\jdk-17.0.5\jre\bin&quot;;C:\WINDOWS\system32\config\systemprofile\AppData\Local\Microsoft\WindowsApps;C:\Users\a1566\AppData\Local\Microsoft\WindowsApps;D:\apache-tomcat-9.0.85-windows-x64\apache-tomcat-9.0.85lib;D:\apache-tomcat-9.0.85-windows-x64\apache-tomcat-9.0.85lib;D:\apache-maveb\apache-maven-3.9.1\bin;D:\sql\mysql-8.0.33-winx64\bin;C:\Program Files\Git\cmd;C:\Users\a1566\Downloads\JMeter\JMeter\apache-jmeter-5.3\bin;%JMETER_HOME\lib\ext\ApacheJMeter_core.jar;C:\Users\a1566\Downloads\JMeter\JMeter\apache-jmeter-5.3\lib\jorphan.jar;C:\Users\a1566\Downloads\JMeter\JMeter\apache-jmeter-5.3\lib\logkit-2.0.jar;C:\Program Files (x86)\Microsoft SQL Server\130\Tools\Binn\;C:\Program Files\Microsoft SQL Server\130\Tools\Binn\;C:\Program Files (x86)\Microsoft SQL Server\130\DTS\Binn\;C:\Program Files\Microsoft SQL Server\130\DTS\Binn\;C:\Program Files\Microsoft SQL Server\Client SDK\ODBC\130\Tools\Binn\;C:\Program Files (x86)\Microsoft SQL Server\150\DTS\Binn\;C:\Program Files\Azure Data Studio\bin;D:\node.js\;C:\Program Files\Java\jre-1.8\bin;C:\Program Files\Java\jdk-1.8\bin;C:\Program Files\Java\jdk-1.8\bin;C:\Program Files (x86)\Rational\common;C:\dev\apache-tomcat-10.0.12\apache-tomcat-10.0.12\bin;&quot;D:\apache-maven-3.3.9\bin;&quot;;D:\apache-tomcat-9.0.85-windows-x64\apache-tomcat-9.0.85\bin;C:\Users\a1566\AppData\Local\Microsoft\WindowsApps;D:\Microsoft VS Code\bin;C:\Program Files\Azure Data Studio\bin;C:\Users\a1566\AppData\Roaming\npm;C:\Program Files\Java\jdk-1.8\bin;;."/>
    <property name="java.vm.info" value="mixed mode, sharing"/>
    <property name="java.vendor" value="Oracle Corporation"/>
    <property name="java.vm.version" value="17.0.5+9-LTS-191"/>
    <property name="sun.io.unicode.encoding" value="UnicodeLittle"/>
    <property name="java.class.version" value="61.0"/>
  </properties>
  <testcase name="contextLoads" classname="com.xiaowang.WarehouseManagerApplicationTests" time="0.769">
    <system-out><![CDATA[11:59:15.323 [main] DEBUG org.springframework.test.context.BootstrapUtils - Instantiating CacheAwareContextLoaderDelegate from class [org.springframework.test.context.cache.DefaultCacheAwareContextLoaderDelegate]
11:59:15.333 [main] DEBUG org.springframework.test.context.BootstrapUtils - Instantiating BootstrapContext using constructor [public org.springframework.test.context.support.DefaultBootstrapContext(java.lang.Class,org.springframework.test.context.CacheAwareContextLoaderDelegate)]
11:59:15.378 [main] DEBUG org.springframework.test.context.BootstrapUtils - Instantiating TestContextBootstrapper for test class [com.xiaowang.WarehouseManagerApplicationTests] from class [org.springframework.boot.test.context.SpringBootTestContextBootstrapper]
11:59:15.393 [main] INFO org.springframework.boot.test.context.SpringBootTestContextBootstrapper - Neither @ContextConfiguration nor @ContextHierarchy found for test class [com.xiaowang.WarehouseManagerApplicationTests], using SpringBootContextLoader
11:59:15.397 [main] DEBUG org.springframework.test.context.support.AbstractContextLoader - Did not detect default resource location for test class [com.xiaowang.WarehouseManagerApplicationTests]: class path resource [com/xiaowang/WarehouseManagerApplicationTests-context.xml] does not exist
11:59:15.398 [main] DEBUG org.springframework.test.context.support.AbstractContextLoader - Did not detect default resource location for test class [com.xiaowang.WarehouseManagerApplicationTests]: class path resource [com/xiaowang/WarehouseManagerApplicationTestsContext.groovy] does not exist
11:59:15.398 [main] INFO org.springframework.test.context.support.AbstractContextLoader - Could not detect default resource locations for test class [com.xiaowang.WarehouseManagerApplicationTests]: no resource found for suffixes {-context.xml, Context.groovy}.
11:59:15.399 [main] INFO org.springframework.test.context.support.AnnotationConfigContextLoaderUtils - Could not detect default configuration classes for test class [com.xiaowang.WarehouseManagerApplicationTests]: WarehouseManagerApplicationTests does not declare any static, non-private, non-final, nested classes annotated with @Configuration.
11:59:15.486 [main] DEBUG org.springframework.test.context.support.ActiveProfilesUtils - Could not find an 'annotation declaring class' for annotation type [org.springframework.test.context.ActiveProfiles] and class [com.xiaowang.WarehouseManagerApplicationTests]
11:59:15.599 [main] DEBUG org.springframework.context.annotation.ClassPathScanningCandidateComponentProvider - Identified candidate component class: file [D:\course-2\frontspace\前端项目\workspace\warehouse_manager\target\classes\com\xiaowang\WarehouseManagerApplication.class]
11:59:15.602 [main] INFO org.springframework.boot.test.context.SpringBootTestContextBootstrapper - Found @SpringBootConfiguration com.xiaowang.WarehouseManagerApplication for test class com.xiaowang.WarehouseManagerApplicationTests
11:59:15.777 [main] DEBUG org.springframework.boot.test.context.SpringBootTestContextBootstrapper - @TestExecutionListeners is not present for class [com.xiaowang.WarehouseManagerApplicationTests]: using defaults.
11:59:15.778 [main] INFO org.springframework.boot.test.context.SpringBootTestContextBootstrapper - Loaded default TestExecutionListener class names from location [META-INF/spring.factories]: [org.springframework.boot.test.mock.mockito.MockitoTestExecutionListener, org.springframework.boot.test.mock.mockito.ResetMocksTestExecutionListener, org.springframework.boot.test.autoconfigure.restdocs.RestDocsTestExecutionListener, org.springframework.boot.test.autoconfigure.web.client.MockRestServiceServerResetTestExecutionListener, org.springframework.boot.test.autoconfigure.web.servlet.MockMvcPrintOnlyOnFailureTestExecutionListener, org.springframework.boot.test.autoconfigure.web.servlet.WebDriverTestExecutionListener, org.springframework.boot.test.autoconfigure.webservices.client.MockWebServiceServerTestExecutionListener, org.springframework.test.context.web.ServletTestExecutionListener, org.springframework.test.context.support.DirtiesContextBeforeModesTestExecutionListener, org.springframework.test.context.event.ApplicationEventsTestExecutionListener, org.springframework.test.context.support.DependencyInjectionTestExecutionListener, org.springframework.test.context.support.DirtiesContextTestExecutionListener, org.springframework.test.context.transaction.TransactionalTestExecutionListener, org.springframework.test.context.jdbc.SqlScriptsTestExecutionListener, org.springframework.test.context.event.EventPublishingTestExecutionListener]
11:59:15.803 [main] INFO org.springframework.boot.test.context.SpringBootTestContextBootstrapper - Using TestExecutionListeners: [org.springframework.test.context.web.ServletTestExecutionListener@2dcd168a, org.springframework.test.context.support.DirtiesContextBeforeModesTestExecutionListener@388526fb, org.springframework.test.context.event.ApplicationEventsTestExecutionListener@21a21c64, org.springframework.boot.test.mock.mockito.MockitoTestExecutionListener@7803bfd, org.springframework.boot.test.autoconfigure.SpringBootDependencyInjectionTestExecutionListener@42bc14c1, org.springframework.test.context.support.DirtiesContextTestExecutionListener@531f4093, org.springframework.test.context.transaction.TransactionalTestExecutionListener@62ef27a8, org.springframework.test.context.jdbc.SqlScriptsTestExecutionListener@6436a7db, org.springframework.test.context.event.EventPublishingTestExecutionListener@460ebd80, org.springframework.boot.test.mock.mockito.ResetMocksTestExecutionListener@6f3c660a, org.springframework.boot.test.autoconfigure.restdocs.RestDocsTestExecutionListener@74f5ce22, org.springframework.boot.test.autoconfigure.web.client.MockRestServiceServerResetTestExecutionListener@25aca718, org.springframework.boot.test.autoconfigure.web.servlet.MockMvcPrintOnlyOnFailureTestExecutionListener@16fdec90, org.springframework.boot.test.autoconfigure.web.servlet.WebDriverTestExecutionListener@1afdd473, org.springframework.boot.test.autoconfigure.webservices.client.MockWebServiceServerTestExecutionListener@40238dd0]
11:59:15.819 [main] DEBUG org.springframework.test.context.support.AbstractDirtiesContextTestExecutionListener - Before test class: context [DefaultTestContext@1b835480 testClass = WarehouseManagerApplicationTests, testInstance = [null], testMethod = [null], testException = [null], mergedContextConfiguration = [WebMergedContextConfiguration@3549bca9 testClass = WarehouseManagerApplicationTests, locations = '{}', classes = '{class com.xiaowang.WarehouseManagerApplication}', contextInitializerClasses = '[]', activeProfiles = '{}', propertySourceLocations = '{}', propertySourceProperties = '{org.springframework.boot.test.context.SpringBootTestContextBootstrapper=true}', contextCustomizers = set[org.springframework.boot.test.context.filter.ExcludeFilterContextCustomizer@8f2ef19, org.springframework.boot.test.json.DuplicateJsonObjectContextCustomizerFactory$DuplicateJsonObjectContextCustomizer@7674f035, org.springframework.boot.test.mock.mockito.MockitoContextCustomizer@0, org.springframework.boot.test.web.client.TestRestTemplateContextCustomizer@1cf6d1be, org.springframework.boot.test.autoconfigure.actuate.metrics.MetricsExportContextCustomizerFactory$DisableMetricExportContextCustomizer@53fb3dab, org.springframework.boot.test.autoconfigure.properties.PropertyMappingContextCustomizer@0, org.springframework.boot.test.autoconfigure.web.servlet.WebDriverContextCustomizerFactory$Customizer@2cb4893b, org.springframework.boot.test.context.SpringBootTestArgs@1, org.springframework.boot.test.context.SpringBootTestWebEnvironment@69379752], resourceBasePath = 'src/main/webapp', contextLoader = 'org.springframework.boot.test.context.SpringBootContextLoader', parent = [null]], attributes = map['org.springframework.test.context.web.ServletTestExecutionListener.activateListener' -> true]], class annotated with @DirtiesContext [false] with mode [null].

  .   ____          _            __ _ _
 /\\ / ___'_ __ _ _(_)_ __  __ _ \ \ \ \
( ( )\___ | '_ | '_| | '_ \/ _` | \ \ \ \
 \\/  ___)| |_)| | | | | || (_| |  ) ) ) )
  '  |____| .__|_| |_|_| |_\__, | / / / /
 =========|_|==============|___/=/_/_/_/
 :: Spring Boot ::               (v2.6.13)

2024-02-27 11:59:16.373  INFO 14276 --- [           main] c.x.WarehouseManagerApplicationTests     : Starting WarehouseManagerApplicationTests using Java 17.0.5 on DESKTOP-MJ0I8VQ with PID 14276 (started by a1566 in D:\course-2\frontspace\前端项目\workspace\warehouse_manager)
2024-02-27 11:59:16.377  INFO 14276 --- [           main] c.x.WarehouseManagerApplicationTests     : No active profile set, falling back to 1 default profile: "default"
2024-02-27 11:59:17.962  INFO 14276 --- [           main] .s.d.r.c.RepositoryConfigurationDelegate : Multiple Spring Data modules found, entering strict repository configuration mode
2024-02-27 11:59:17.970  INFO 14276 --- [           main] .s.d.r.c.RepositoryConfigurationDelegate : Bootstrapping Spring Data Redis repositories in DEFAULT mode.
2024-02-27 11:59:18.028  INFO 14276 --- [           main] .s.d.r.c.RepositoryConfigurationDelegate : Finished Spring Data repository scanning in 18 ms. Found 0 Redis repository interfaces.
Logging initialized using 'class org.apache.ibatis.logging.stdout.StdOutImpl' adapter.
Property 'mapperLocations' was not specified.
2024-02-27 11:59:21.436  INFO 14276 --- [           main] c.x.WarehouseManagerApplicationTests     : Started WarehouseManagerApplicationTests in 5.549 seconds (JVM running for 7.052)
]]></system-out>
  </testcase>
</testsuite>